[0511/183116.351:ERROR:process_info.cc(329)] VirtualQueryEx: Access is denied. (0x5)
[0511/183116.366:ERROR:process_info.cc(556)] ReadMemoryInfo failed
[0511/183116.366:ERROR:scoped_process_suspend.cc(40)] NtResumeProcess: An attempt was made to access an exiting process. (0xc000010a)
[0512/165913.130:ERROR:process_reader_win.cc(151)] SuspendThread: Access is denied. (0x5)
[0512/165913.134:ERROR:exception_snapshot_win.cc(98)] thread ID 1956 not found in process
[0513/173601.970:ERROR:process_info.cc(329)] VirtualQueryEx: Access is denied. (0x5)
[0513/173601.974:ERROR:process_info.cc(556)] ReadMemoryInfo failed
[0513/173601.974:ERROR:scoped_process_suspend.cc(40)] NtResumeProcess: An attempt was made to access an exiting process. (0xc000010a)
[0514/214917.430:ERROR:process_reader_win.cc(151)] SuspendThread: Access is denied. (0x5)
[0514/214917.449:ERROR:process_reader_win.cc(151)] SuspendThread: Access is denied. (0x5)
[0514/214917.449:ERROR:exception_snapshot_win.cc(98)] thread ID 11544 not found in process
[0518/105118.491:ERROR:process_reader_win.cc(151)] SuspendThread: Access is denied. (0x5)
[0518/105118.513:ERROR:exception_snapshot_win.cc(98)] thread ID 10132 not found in process
[0520/181204.966:ERROR:process_info.cc(98)] ReadProcessMemory UNICODE_STRING: Only part of a ReadProcessMemory or WriteProcessMemory request was completed. (0x12B)
[0520/181204.996:ERROR:process_info.cc(118)] ReadProcessMemory bool __cdecl crashpad::(anonymous namespace)::ReadStruct(HANDLE, crashpad::WinVMAddress, T *) [T = crashpad::process_types::LDR_DATA_TABLE_ENTRY<crashpad::process_types::internal::Traits64>]: Only part of a ReadProcessMemory or WriteProcessMemory request was completed. (0x12B)
[0520/181204.997:ERROR:process_info.cc(329)] VirtualQueryEx: Access is denied. (0x5)
[0520/181204.997:ERROR:process_info.cc(556)] ReadMemoryInfo failed
[0520/181204.997:ERROR:process_memory_win.cc(39)] Failed to initialize ProcessInfo.
[0520/181204.997:ERROR:scoped_process_suspend.cc(40)] NtResumeProcess: An attempt was made to access an exiting process. (0xc000010a)
[0529/205331.703:ERROR:process_info.cc(329)] VirtualQueryEx: Access is denied. (0x5)
[0529/205331.728:ERROR:process_info.cc(556)] ReadMemoryInfo failed
[0529/205331.728:ERROR:process_memory_win.cc(39)] Failed to initialize ProcessInfo.
[0529/205331.729:ERROR:scoped_process_suspend.cc(40)] NtResumeProcess: An attempt was made to access an exiting process. (0xc000010a)
[0602/213348.176:ERROR:process_info.cc(329)] VirtualQueryEx: Access is denied. (0x5)
[0602/213348.195:ERROR:process_info.cc(556)] ReadMemoryInfo failed
[0602/213348.195:ERROR:process_memory_win.cc(39)] Failed to initialize ProcessInfo.
[0602/213348.196:ERROR:scoped_process_suspend.cc(40)] NtResumeProcess: An attempt was made to access an exiting process. (0xc000010a)
[0602/213453.374:ERROR:process_info.cc(329)] VirtualQueryEx: Access is denied. (0x5)
[0602/213453.376:ERROR:process_info.cc(556)] ReadMemoryInfo failed
[0602/213453.376:ERROR:process_memory_win.cc(39)] Failed to initialize ProcessInfo.
[0602/213453.376:ERROR:scoped_process_suspend.cc(40)] NtResumeProcess: An attempt was made to access an exiting process. (0xc000010a)
[0602/213830.197:ERROR:process_reader_win.cc(151)] SuspendThread: Access is denied. (0x5)
[0602/213830.199:ERROR:exception_snapshot_win.cc(98)] thread ID 6788 not found in process
[0604/215422.984:ERROR:process_info.cc(329)] VirtualQueryEx: Access is denied. (0x5)
[0604/215423.007:ERROR:process_info.cc(556)] ReadMemoryInfo failed
[0604/215423.007:ERROR:process_memory_win.cc(39)] Failed to initialize ProcessInfo.
[0604/215423.007:ERROR:scoped_process_suspend.cc(40)] NtResumeProcess: An attempt was made to access an exiting process. (0xc000010a)
[0608/105612.331:ERROR:process_reader_win.cc(151)] SuspendThread: Access is denied. (0x5)
[0608/105612.344:ERROR:process_reader_win.cc(151)] SuspendThread: Access is denied. (0x5)
[0608/105612.344:ERROR:exception_snapshot_win.cc(98)] thread ID 5500 not found in process
[0608/105619.563:ERROR:process_info.cc(118)] ReadProcessMemory bool __cdecl crashpad::(anonymous namespace)::ReadStruct(HANDLE, crashpad::WinVMAddress, T *) [T = crashpad::process_types::LDR_DATA_TABLE_ENTRY<crashpad::process_types::internal::Traits64>]: Only part of a ReadProcessMemory or WriteProcessMemory request was completed. (0x12B)
[0608/105619.564:ERROR:process_info.cc(329)] VirtualQueryEx: Access is denied. (0x5)
[0608/105619.564:ERROR:process_info.cc(556)] ReadMemoryInfo failed
[0608/105619.564:ERROR:process_memory_win.cc(39)] Failed to initialize ProcessInfo.
[0608/105619.564:ERROR:scoped_process_suspend.cc(40)] NtResumeProcess: An attempt was made to access an exiting process. (0xc000010a)
[0608/154754.290:ERROR:process_reader_win.cc(151)] SuspendThread: Access is denied. (0x5)
[0608/154754.292:ERROR:exception_snapshot_win.cc(98)] thread ID 13760 not found in process
[0617/192351.933:ERROR:process_reader_win.cc(151)] SuspendThread: Access is denied. (0x5)
[0617/192351.964:ERROR:exception_snapshot_win.cc(98)] thread ID 4212 not found in process
[0617/192351.964:ERROR:scoped_process_suspend.cc(40)] NtResumeProcess: An attempt was made to access an exiting process. (0xc000010a)
[0617/193331.444:ERROR:process_reader_win.cc(151)] SuspendThread: Access is denied. (0x5)
[0617/193331.447:ERROR:exception_snapshot_win.cc(98)] thread ID 6732 not found in process
[0617/193331.448:ERROR:scoped_process_suspend.cc(40)] NtResumeProcess: An attempt was made to access an exiting process. (0xc000010a)
[0617/193445.976:ERROR:process_reader_win.cc(151)] SuspendThread: Access is denied. (0x5)
[0617/193445.977:ERROR:exception_snapshot_win.cc(98)] thread ID 12380 not found in process
[0617/193445.977:ERROR:scoped_process_suspend.cc(40)] NtResumeProcess: An attempt was made to access an exiting process. (0xc000010a)
[0617/193530.804:ERROR:process_info.cc(329)] VirtualQueryEx: Access is denied. (0x5)
[0617/193530.805:ERROR:process_info.cc(556)] ReadMemoryInfo failed
[0617/193530.805:ERROR:process_memory_win.cc(39)] Failed to initialize ProcessInfo.
[0617/193530.805:ERROR:scoped_process_suspend.cc(40)] NtResumeProcess: An attempt was made to access an exiting process. (0xc000010a)
[0618/152145.666:ERROR:process_reader_win.cc(151)] SuspendThread: Access is denied. (0x5)
[0618/152145.687:ERROR:process_reader_win.cc(151)] SuspendThread: Access is denied. (0x5)
[0618/152145.687:ERROR:exception_snapshot_win.cc(98)] thread ID 12012 not found in process
[0622/161500.467:ERROR:process_reader_win.cc(151)] SuspendThread: Access is denied. (0x5)
[0622/161500.468:ERROR:exception_snapshot_win.cc(98)] thread ID 8152 not found in process
[0623/180559.152:ERROR:process_reader_win.cc(151)] SuspendThread: Access is denied. (0x5)
[0623/180559.176:ERROR:exception_snapshot_win.cc(98)] thread ID 12292 not found in process
[0623/180559.176:ERROR:scoped_process_suspend.cc(40)] NtResumeProcess: An attempt was made to access an exiting process. (0xc000010a)
[0623/180616.148:ERROR:process_reader_win.cc(151)] SuspendThread: Access is denied. (0x5)
[0623/180616.149:ERROR:process_reader_win.cc(151)] SuspendThread: Access is denied. (0x5)
[0623/180616.149:ERROR:exception_snapshot_win.cc(98)] thread ID 9568 not found in process
[0626/192633.708:ERROR:process_reader_win.cc(151)] SuspendThread: Access is denied. (0x5)
[0626/192633.738:ERROR:process_reader_win.cc(151)] SuspendThread: Access is denied. (0x5)
[0626/192633.738:ERROR:exception_snapshot_win.cc(98)] thread ID 8568 not found in process
[0626/193534.913:ERROR:process_reader_win.cc(151)] SuspendThread: Access is denied. (0x5)
[0626/193534.914:ERROR:exception_snapshot_win.cc(98)] thread ID 9284 not found in process
[0626/194503.227:ERROR:process_reader_win.cc(151)] SuspendThread: Access is denied. (0x5)
[0626/194503.228:ERROR:process_reader_win.cc(151)] SuspendThread: Access is denied. (0x5)
[0626/194503.228:ERROR:process_reader_win.cc(151)] SuspendThread: Access is denied. (0x5)
[0626/194503.228:ERROR:exception_snapshot_win.cc(98)] thread ID 12636 not found in process
[0716/182047.758:ERROR:process_info.cc(329)] VirtualQueryEx: Access is denied. (0x5)
[0716/182047.802:ERROR:process_info.cc(556)] ReadMemoryInfo failed
[0716/182047.802:ERROR:process_memory_win.cc(39)] Failed to initialize ProcessInfo.
[0716/182047.802:ERROR:scoped_process_suspend.cc(40)] NtResumeProcess: An attempt was made to access an exiting process. (0xc000010a)
[0717/163809.870:ERROR:process_info.cc(329)] VirtualQueryEx: Access is denied. (0x5)
[0717/163809.905:ERROR:process_info.cc(556)] ReadMemoryInfo failed
[0717/163809.905:ERROR:scoped_process_suspend.cc(40)] NtResumeProcess: An attempt was made to access an exiting process. (0xc000010a)
[0720/133115.771:ERROR:process_reader_win.cc(151)] SuspendThread: Access is denied. (0x5)
[0720/133115.774:ERROR:exception_snapshot_win.cc(98)] thread ID 7900 not found in process
[0720/133133.181:ERROR:process_info.cc(329)] VirtualQueryEx: Access is denied. (0x5)
[0720/133133.182:ERROR:process_info.cc(556)] ReadMemoryInfo failed
[0720/133133.182:ERROR:scoped_process_suspend.cc(40)] NtResumeProcess: An attempt was made to access an exiting process. (0xc000010a)
[0720/150813.118:ERROR:process_info.cc(329)] VirtualQueryEx: Access is denied. (0x5)
[0720/150813.131:ERROR:process_info.cc(556)] ReadMemoryInfo failed
[0720/150813.131:ERROR:process_memory_win.cc(39)] Failed to initialize ProcessInfo.
[0720/150813.131:ERROR:scoped_process_suspend.cc(40)] NtResumeProcess: An attempt was made to access an exiting process. (0xc000010a)
[0720/150819.475:ERROR:process_reader_win.cc(151)] SuspendThread: Access is denied. (0x5)
[0720/150819.477:ERROR:process_reader_win.cc(151)] SuspendThread: Access is denied. (0x5)
[0720/150819.477:ERROR:exception_snapshot_win.cc(98)] thread ID 11320 not found in process
[0727/164244.951:ERROR:process_info.cc(329)] VirtualQueryEx: Access is denied. (0x5)
[0727/164245.007:ERROR:process_info.cc(556)] ReadMemoryInfo failed
[0727/164245.007:ERROR:scoped_process_suspend.cc(40)] NtResumeProcess: An attempt was made to access an exiting process. (0xc000010a)
[0729/170115.597:ERROR:process_reader_win.cc(151)] SuspendThread: Access is denied. (0x5)
[0729/170115.612:ERROR:exception_snapshot_win.cc(98)] thread ID 12800 not found in process
[0817/152156.158:ERROR:process_info.cc(329)] VirtualQueryEx: Access is denied. (0x5)
[0817/152156.173:ERROR:process_info.cc(556)] ReadMemoryInfo failed
[0817/152156.173:ERROR:scoped_process_suspend.cc(40)] NtResumeProcess: An attempt was made to access an exiting process. (0xc000010a)
[0817/155859.261:ERROR:process_info.cc(329)] VirtualQueryEx: Access is denied. (0x5)
[0817/155859.273:ERROR:process_info.cc(556)] ReadMemoryInfo failed
[0817/155859.273:ERROR:scoped_process_suspend.cc(40)] NtResumeProcess: An attempt was made to access an exiting process. (0xc000010a)
