0,0,TOHIERARCHY_20201015010201.csv
0,0,SUBSCRIPTION_20201015010201.csv
0,0,SCORES_20201015010201.csv
0,0,SCHIERARCHY_20201015010201.csv
0,0,SALESCHANNEL_20201015010201.csv
0,0,FLAGS_20201015010201.csv
0,0,CUSTOMER_20201015010201.csv
0,0,CONTACTOFFER_20201015010201.csv
0,0,CONTACTLIST_20201015010201.csv
0,0,CLINTVIEWEXPORTREVENUEEST_20201015010201.csv
0,0,CLINTVIEWEXPORTREVENUE_20201015010201.csv
0,0,CALENDAR_20201015010201.csv
0,0,BUILDING_20201015010201.csv
0,0,SALESORGANIZATION_20201015010201.csv
0,0,REPORTINGSERVICEPRODUCT_20201015010201.csv
0,0,PRODUCT_20201015010201.csv
0,0,PERMISSIONS_20201015010201.csv
0,0,MEMOTYPE_20201015010201.csv
0,0,LEGVOTYPE_20201015010201.csv
0,0,LEGSOCDISCOUNT_20201015010201.csv
0,0,LEGPRODUCT_20201015010201.csv
0,0,LEGPPRCRATE_20201015010201.csv
0,0,HOUSEHOLD_20201015010201.csv
0,0,GEOFOOTPRINT_20201015010201.csv
0,0,EXCLUSIONS_20201015010201.csv
0,0,CUSTREL_20201015010201.csv
0,0,CONTRACT_20201015010201.csv
0,0,CONTACTSTATUS_20201015010201.csv
0,0,CLINTVIEWVWOPTRUN_20201015010201.csv
0,0,CLINTVIEWREFOPTPRODUCT_20201015010201.csv
